<?xml version="1.0" encoding="UTF-8"?>
<testng-results ignored="3" total="4" passed="1" failed="0" skipped="0">
  <reporter-output>
  </reporter-output>
  <suite started-at="2022-08-03T22:39:16 EDT" name="Default suite" finished-at="2022-08-03T22:39:21 EDT" duration-ms="4888">
    <groups>
    </groups>
    <test started-at="2022-08-03T22:39:16 EDT" name="Default test" finished-at="2022-08-03T22:39:21 EDT" duration-ms="4888">
      <class name="testscript.APIPostRest_xml">
        <test-method signature="xmlcolonvalueread()[pri:0, instance:testscript.APIPostRest_xml@2e55dd0c]" started-at="2022-08-03T22:39:16 EDT" name="xmlcolonvalueread" finished-at="2022-08-03T22:39:21 EDT" duration-ms="4751" status="PASS">
          <reporter-output>
          </reporter-output>
        </test-method> <!-- xmlcolonvalueread -->
      </class> <!-- testscript.APIPostRest_xml -->
    </test> <!-- Default test -->
  </suite> <!-- Default suite -->
</testng-results>
