<?xml version="1.0" encoding="UTF-8"?>
<!-- Generated by org.testng.reporters.JUnitXMLReporter -->
<testsuite ignored="3" hostname="Niveditha" failures="0" tests="1" name="Default test" time="4.888" errors="0" timestamp="2022-08-03T22:39:22 EDT">
  <testcase classname="testscript.APIPostRest_xml" name="xmlcolonvalueread" time="4.751"/>
  <testcase classname="testscript.APIPostRest_xml" name="ComparePostmethodresults_TestNG" time="0.0">
    <ignored/>
  </testcase> <!-- ComparePostmethodresults_TestNG -->
  <testcase classname="testscript.APIPostRest_xml" name="soapGet_TestNG" time="0.0">
    <ignored/>
  </testcase> <!-- soapGet_TestNG -->
  <testcase classname="testscript.APIPostRest_xml" name="soapGetBIGXML_TestNG" time="0.0">
    <ignored/>
  </testcase> <!-- soapGetBIGXML_TestNG -->
</testsuite> <!-- Default test -->
